mod	trans_guid	split_guid	time_now	date_entered	date_posted	acc_guid	acc_name	num	description	notes	memo	action	reconciled	amount	value	date_reconciled
-----------------
===== START
D	44d958ba08919e539586eae6d47f68b9	5c2fda920c5787481521d4d8d80c45b9	2025-09-01 09:03:06.000000 -0300	2025-09-01 09:03:06.000000 -0300	2025-09-01 00:00:00.000000 -0300								n	0/1	0/100	1969-12-31 21:00:00.000000 -0300
===== END
===== START
D	b54bcf9a8b8505b98d4144b634f9c619	3d8f7cfeb08897dd26587cb75eec6656	2025-09-01 09:03:06.000000 -0300	2025-09-01 09:03:06.000000 -0300	2025-09-01 00:00:00.000000 -0300								n	0/1	0/100	1969-12-31 21:00:00.000000 -0300
===== END
===== START
D	9992a1df37b253c9d9a75267b15c1f29	6789de8602af12a770b86428de7c583d	2025-09-01 09:03:06.000000 -0300	2025-09-01 09:03:06.000000 -0300	2025-09-01 00:00:00.000000 -0300								n	0/1	0/100	1969-12-31 21:00:00.000000 -0300
===== END
===== START
D	2821399fd680da76052c1b67c915511b	a3a12ee1d60346f382176d64d3884c44	2025-09-01 09:03:06.000000 -0300	2025-09-01 09:03:06.000000 -0300	2025-09-01 00:00:00.000000 -0300								n	0/1	0/100	1969-12-31 21:00:00.000000 -0300
===== END
===== START
D	a65d640443563661a6cdccd3d4f5a09b	6e0e4249299ad670124fe4d1e8f59a73	2025-09-01 09:03:06.000000 -0300	2025-09-01 09:03:06.000000 -0300	2025-09-01 00:00:00.000000 -0300								n	0/1	0/100	1969-12-31 21:00:00.000000 -0300
===== END
===== START
D	6aaf887d372accd0b4ca9112c2d0dad6	405f086eaeb883e95a76025137ba5533	2025-09-01 09:03:06.000000 -0300	2025-09-01 09:03:06.000000 -0300	2025-09-01 00:00:00.000000 -0300								n	0/1	0/100	1969-12-31 21:00:00.000000 -0300
===== END
===== START
D	7806a6ce3f4406b40dda4af85c55d92b	802ae26cea688019f6fc11200790d26e	2025-09-01 09:03:06.000000 -0300	2025-09-01 09:03:06.000000 -0300	2025-09-01 00:00:00.000000 -0300								n	0/1	0/100	1969-12-31 21:00:00.000000 -0300
===== END
